<?xml version="1.0" encoding="UTF-8"?>
<testng-results skipped="0" failed="0" ignored="0" total="1" passed="1">
  <reporter-output>
  </reporter-output>
  <suite name="Default suite" duration-ms="1797" started-at="2018-11-14T03:33:40Z" finished-at="2018-11-14T03:33:42Z">
    <groups>
    </groups>
    <test name="Default test" duration-ms="1797" started-at="2018-11-14T03:33:40Z" finished-at="2018-11-14T03:33:42Z">
      <class name="getRequests.GetData">
        <test-method status="PASS" signature="testResponse()[pri:0, instance:getRequests.GetData@1b604f19]" name="testResponse" duration-ms="1776" started-at="2018-11-14T03:33:40Z" finished-at="2018-11-14T03:33:42Z">
          <reporter-output>
          </reporter-output>
        </test-method> <!-- testResponse -->
      </class> <!-- getRequests.GetData -->
    </test> <!-- Default test -->
  </suite> <!-- Default suite -->
</testng-results>
